<?xml version="1.0" encoding="UTF-8"?>
<!-- Generated by org.testng.reporters.JUnitReportReporter -->
<testsuite skipped="3" hostname="LAPTOP-K49GOV26" name="testcases.CarNameAndPriceTest" tests="4" failures="0" timestamp="05 Nov 2022 12:15:52 GMT" time="42.245" errors="0">
  <testcase name="carNameAndPrice" time="0.004" classname="testcases.CarNameAndPriceTest">
    <skipped/>
  </testcase> <!-- carNameAndPrice -->
  <testcase name="carNameAndPrice" time="0.002" classname="testcases.CarNameAndPriceTest">
    <skipped/>
  </testcase> <!-- carNameAndPrice -->
  <testcase name="carNameAndPrice" time="0.005" classname="testcases.CarNameAndPriceTest">
    <skipped/>
  </testcase> <!-- carNameAndPrice -->
  <testcase name="carNameAndPrice" time="42.234" classname="testcases.CarNameAndPriceTest"/>
</testsuite> <!-- testcases.CarNameAndPriceTest -->
